Flow report for mips
Mon Nov 28 21:26:14 2022
Quartus Prime Version 22.1std.0 Build 915 10/25/2022 SC Lite Edition


---------------------
; Table of Contents ;
---------------------
  1. Legal Notice
  2. Flow Summary
  3. Flow Settings
  4. Flow Non-Default Global Settings
  5. Flow Elapsed Time
  6. Flow OS Summary
  7. Flow Log
  8. Flow Messages
  9. Flow Suppressed Messages



----------------
; Legal Notice ;
----------------
Copyright (C) 2022  Intel Corporation. All rights reserved.
Your use of Intel Corporation's design tools, logic functions 
and other software and tools, and any partner logic 
functions, and any output files from any of the foregoing 
(including device programming or simulation files), and any 
associated documentation or information are expressly subject 
to the terms and conditions of the Intel Program License 
Subscription Agreement, the Intel Quartus Prime License Agreement,
the Intel FPGA IP License Agreement, or other applicable license
agreement, including, without limitation, that your use is for
the sole purpose of programming logic devices manufactured by
Intel and sold by Intel or its authorized distributors.  Please
refer to the applicable agreement for further details, at
https://fpgasoftware.intel.com/eula.



+-------------------------------------------------------------------------------------+
; Flow Summary                                                                        ;
+------------------------------------+------------------------------------------------+
; Flow Status                        ; Successful - Mon Nov 28 21:26:14 2022          ;
; Quartus Prime Version              ; 22.1std.0 Build 915 10/25/2022 SC Lite Edition ;
; Revision Name                      ; mips                                           ;
; Top-level Entity Name              ; top_level                                      ;
; Family                             ; MAX 10                                         ;
; Device                             ; 10M50DAF484C7G                                 ;
; Timing Models                      ; Final                                          ;
; Total logic elements               ; 3,394 / 49,760 ( 7 % )                         ;
;     Total combinational functions  ; 3,320 / 49,760 ( 7 % )                         ;
;     Dedicated logic registers      ; 1,292 / 49,760 ( 3 % )                         ;
; Total registers                    ; 1292                                           ;
; Total pins                         ; 61 / 360 ( 17 % )                              ;
; Total virtual pins                 ; 0                                              ;
; Total memory bits                  ; 8,192 / 1,677,312 ( < 1 % )                    ;
; Embedded Multiplier 9-bit elements ; 16 / 288 ( 6 % )                               ;
; Total PLLs                         ; 0 / 4 ( 0 % )                                  ;
; UFM blocks                         ; 0 / 1 ( 0 % )                                  ;
; ADC blocks                         ; 0 / 2 ( 0 % )                                  ;
+------------------------------------+------------------------------------------------+


+-----------------------------------------+
; Flow Settings                           ;
+-------------------+---------------------+
; Option            ; Setting             ;
+-------------------+---------------------+
; Start date & time ; 11/28/2022 21:19:56 ;
; Main task         ; Compilation         ;
; Revision Name     ; mips                ;
+-------------------+---------------------+


+-----------------------------------------------------------------------------------------------------------------------------------------------------------------------+
; Flow Non-Default Global Settings                                                                                                                                      ;
+-------------------------------------+----------------------------------------+--------------------------------------+-------------+-----------------------------------+
; Assignment Name                     ; Value                                  ; Default Value                        ; Entity Name ; Section Id                        ;
+-------------------------------------+----------------------------------------+--------------------------------------+-------------+-----------------------------------+
; COMPILER_SIGNATURE_ID               ; 237901778919675.166968839621684        ; --                                   ; --          ; --                                ;
; EDA_GENERATE_FUNCTIONAL_NETLIST     ; Off                                    ; --                                   ; --          ; eda_board_design_timing           ;
; EDA_GENERATE_FUNCTIONAL_NETLIST     ; Off                                    ; --                                   ; --          ; eda_board_design_boundary_scan    ;
; EDA_GENERATE_FUNCTIONAL_NETLIST     ; Off                                    ; --                                   ; --          ; eda_board_design_signal_integrity ;
; EDA_GENERATE_FUNCTIONAL_NETLIST     ; Off                                    ; --                                   ; --          ; eda_board_design_symbol           ;
; EDA_OUTPUT_DATA_FORMAT              ; Vhdl                                   ; --                                   ; --          ; eda_simulation                    ;
; EDA_SIMULATION_TOOL                 ; ModelSim (VHDL)                        ; <None>                               ; --          ; --                                ;
; EDA_TIME_SCALE                      ; 1 ps                                   ; --                                   ; --          ; eda_simulation                    ;
; MAX_CORE_JUNCTION_TEMP              ; 85                                     ; --                                   ; --          ; --                                ;
; MIN_CORE_JUNCTION_TEMP              ; 0                                      ; --                                   ; --          ; --                                ;
; MISC_FILE                           ; TestCase4.cmp                          ; --                                   ; --          ; --                                ;
; MISC_FILE                           ; TestCase2.cmp                          ; --                                   ; --          ; --                                ;
; MISC_FILE                           ; TestCase1.cmp                          ; --                                   ; --          ; --                                ;
; MISC_FILE                           ; bubble_sort.cmp                        ; --                                   ; --          ; --                                ;
; MISC_FILE                           ; TestCase7.cmp                          ; --                                   ; --          ; --                                ;
; MISC_FILE                           ; GCD_Assembly.cmp                       ; --                                   ; --          ; --                                ;
; OUTPUT_IO_TIMING_FAR_END_VMEAS      ; Half Signal Swing                      ; --                                   ; --          ; --                                ;
; OUTPUT_IO_TIMING_FAR_END_VMEAS      ; Half Signal Swing                      ; --                                   ; --          ; --                                ;
; OUTPUT_IO_TIMING_NEAR_END_VMEAS     ; Half Vccio                             ; --                                   ; --          ; --                                ;
; OUTPUT_IO_TIMING_NEAR_END_VMEAS     ; Half Vccio                             ; --                                   ; --          ; --                                ;
; PARTITION_COLOR                     ; -- (Not supported for targeted family) ; --                                   ; top_level   ; Top                               ;
; PARTITION_FITTER_PRESERVATION_LEVEL ; -- (Not supported for targeted family) ; --                                   ; top_level   ; Top                               ;
; PARTITION_NETLIST_TYPE              ; -- (Not supported for targeted family) ; --                                   ; top_level   ; Top                               ;
; POWER_BOARD_THERMAL_MODEL           ; None (CONSERVATIVE)                    ; --                                   ; --          ; --                                ;
; POWER_PRESET_COOLING_SOLUTION       ; 23 MM HEAT SINK WITH 200 LFPM AIRFLOW  ; --                                   ; --          ; --                                ;
; PROJECT_IP_REGENERATION_POLICY      ; ALWAYS_REGENERATE_IP                   ; SKIP_REGENERATING_IP_IF_HDL_MODIFIED ; --          ; --                                ;
; PROJECT_OUTPUT_DIRECTORY            ; output_files                           ; --                                   ; --          ; --                                ;
; TOP_LEVEL_ENTITY                    ; top_level                              ; mips                                 ; --          ; --                                ;
+-------------------------------------+----------------------------------------+--------------------------------------+-------------+-----------------------------------+


+--------------------------------------------------------------------------------------------------------------------------+
; Flow Elapsed Time                                                                                                        ;
+----------------------+--------------+-------------------------+---------------------+------------------------------------+
; Module Name          ; Elapsed Time ; Average Processors Used ; Peak Virtual Memory ; Total CPU Time (on all processors) ;
+----------------------+--------------+-------------------------+---------------------+------------------------------------+
; Analysis & Synthesis ; 00:01:05     ; 1.0                     ; 4881 MB             ; 00:01:12                           ;
; Fitter               ; 00:00:26     ; 1.4                     ; 5988 MB             ; 00:00:55                           ;
; Assembler            ; 00:00:02     ; 1.0                     ; 4749 MB             ; 00:00:02                           ;
; Total                ; 00:01:33     ; --                      ; --                  ; 00:02:09                           ;
+----------------------+--------------+-------------------------+---------------------+------------------------------------+


+------------------------------------------------------------------------------------+
; Flow OS Summary                                                                    ;
+----------------------+------------------+------------+------------+----------------+
; Module Name          ; Machine Hostname ; OS Name    ; OS Version ; Processor type ;
+----------------------+------------------+------------+------------+----------------+
; Analysis & Synthesis ; DESKTOP-L9QGIOP  ; Windows 10 ; 10.0       ; x86_64         ;
; Fitter               ; DESKTOP-L9QGIOP  ; Windows 10 ; 10.0       ; x86_64         ;
; Assembler            ; DESKTOP-L9QGIOP  ; Windows 10 ; 10.0       ; x86_64         ;
+----------------------+------------------+------------+------------+----------------+


------------
; Flow Log ;
------------
quartus_map --read_settings_files=on --write_settings_files=off mips -c mips
quartus_fit --read_settings_files=on --write_settings_files=off mips -c mips
quartus_asm --read_settings_files=on --write_settings_files=off mips -c mips



